This is pdfTeX, Version 3.14159265-2.6-1.40.18 (MiKTeX 2.9.6350 64-bit) (preloaded format=pdflatex 2018.5.13)  1 APR 2019 14:05
entering extended mode
**./main.tex
(main.tex
LaTeX2e <2017-04-15>
Babel <3.10> and hyphenation patterns for 75 language(s) loaded.
("C:\Program Files\MiKTeX 2.9\tex\latex\base\article.cls"
Document Class: article 2014/09/29 v1.4h Standard LaTeX document class
("C:\Program Files\MiKTeX 2.9\tex\latex\base\size10.clo"
File: size10.clo 2014/09/29 v1.4h Standard LaTeX file (size option)
)
\c@part=\count79
\c@section=\count80
\c@subsection=\count81
\c@subsubsection=\count82
\c@paragraph=\count83
\c@subparagraph=\count84
\c@figure=\count85
\c@table=\count86
\abovecaptionskip=\skip41
\belowcaptionskip=\skip42
\bibindent=\dimen102
)
("C:\Program Files\MiKTeX 2.9\tex\latex\graphics\graphicx.sty"
Package: graphicx 2014/10/28 v1.0g Enhanced LaTeX Graphics (DPC,SPQR)

("C:\Program Files\MiKTeX 2.9\tex\latex\graphics\keyval.sty"
Package: keyval 2014/10/28 v1.15 key=value parser (DPC)
\KV@toks@=\toks14
)
("C:\Program Files\MiKTeX 2.9\tex\latex\graphics\graphics.sty"
Package: graphics 2017/04/14 v1.1b Standard LaTeX Graphics (DPC,SPQR)

("C:\Program Files\MiKTeX 2.9\tex\latex\graphics\trig.sty"
Package: trig 2016/01/03 v1.10 sin cos tan (DPC)
)
("C:\Program Files\MiKTeX 2.9\tex\latex\graphics-cfg\graphics.cfg"
File: graphics.cfg 2016/06/04 v1.11 sample graphics configuration
)
Package graphics Info: Driver file: pdftex.def on input line 99.

("C:\Program Files\MiKTeX 2.9\tex\latex\graphics-def\pdftex.def"
File: pdftex.def 2017/01/12 v0.06k Graphics/color for pdfTeX

("C:\Program Files\MiKTeX 2.9\tex\generic\oberdiek\infwarerr.sty"
Package: infwarerr 2016/05/16 v1.4 Providing info/warning/error messages (HO)
)
("C:\Program Files\MiKTeX 2.9\tex\generic\oberdiek\ltxcmds.sty"
Package: ltxcmds 2016/05/16 v1.23 LaTeX kernel commands for general use (HO)
)
\Gread@gobject=\count87
))
\Gin@req@height=\dimen103
\Gin@req@width=\dimen104
)
("C:\Program Files\MiKTeX 2.9\tex\latex\amscls\amsthm.sty"
Package: amsthm 2015/03/04 v2.20.2
\thm@style=\toks15
\thm@bodyfont=\toks16
\thm@headfont=\toks17
\thm@notefont=\toks18
\thm@headpunct=\toks19
\thm@preskip=\skip43
\thm@postskip=\skip44
\thm@headsep=\skip45
\dth@everypar=\toks20
)
("C:\Program Files\MiKTeX 2.9\tex\latex\amsfonts\amssymb.sty"
Package: amssymb 2013/01/14 v3.01 AMS font symbols

("C:\Program Files\MiKTeX 2.9\tex\latex\amsfonts\amsfonts.sty"
Package: amsfonts 2013/01/14 v3.01 Basic AMSFonts support
\@emptytoks=\toks21
\symAMSa=\mathgroup4
\symAMSb=\mathgroup5
LaTeX Font Info:    Overwriting math alphabet `\mathfrak' in version `bold'
(Font)                  U/euf/m/n --> U/euf/b/n on input line 106.
))
\c@thm=\count88

("C:\Program Files\MiKTeX 2.9\tex\latex\natbib\natbib.sty"
Package: natbib 2010/09/13 8.31b (PWD, AO)
\bibhang=\skip46
\bibsep=\skip47
LaTeX Info: Redefining \cite on input line 694.
\c@NAT@ctr=\count89
) (main.aux

LaTeX Warning: Label `sec:butForPlanning' multiply defined.

)
\openout1 = `main.aux'.

LaTeX Font Info:    Checking defaults for OML/cmm/m/it on input line 16.
LaTeX Font Info:    ... okay on input line 16.
LaTeX Font Info:    Checking defaults for T1/cmr/m/n on input line 16.
LaTeX Font Info:    ... okay on input line 16.
LaTeX Font Info:    Checking defaults for OT1/cmr/m/n on input line 16.
LaTeX Font Info:    ... okay on input line 16.
LaTeX Font Info:    Checking defaults for OMS/cmsy/m/n on input line 16.
LaTeX Font Info:    ... okay on input line 16.
LaTeX Font Info:    Checking defaults for OMX/cmex/m/n on input line 16.
LaTeX Font Info:    ... okay on input line 16.
LaTeX Font Info:    Checking defaults for U/cmr/m/n on input line 16.
LaTeX Font Info:    ... okay on input line 16.
 ("C:\Program Files\MiKTeX 2.9\tex\context\base\supp-pdf.mkii"
[Loading MPS to PDF converter (version 2006.09.02).]
\scratchcounter=\count90
\scratchdimen=\dimen105
\scratchbox=\box26
\nofMPsegments=\count91
\nofMParguments=\count92
\everyMPshowfont=\toks22
\MPscratchCnt=\count93
\MPscratchDim=\dimen106
\MPnumerator=\count94
\makeMPintoPDFobject=\count95
\everyMPtoPDFconversion=\toks23
) ("C:\Program Files\MiKTeX 2.9\tex\generic\oberdiek\pdftexcmds.sty"
Package: pdftexcmds 2017/03/19 v0.25 Utility functions of pdfTeX for LuaTeX (HO
)

("C:\Program Files\MiKTeX 2.9\tex\generic\oberdiek\ifluatex.sty"
Package: ifluatex 2016/05/16 v1.4 Provides the ifluatex switch (HO)
Package ifluatex Info: LuaTeX not detected.
)
("C:\Program Files\MiKTeX 2.9\tex\generic\oberdiek\ifpdf.sty"
Package: ifpdf 2017/03/15 v3.2 Provides the ifpdf switch
)
Package pdftexcmds Info: LuaTeX not detected.
Package pdftexcmds Info: \pdf@primitive is available.
Package pdftexcmds Info: \pdf@ifprimitive is available.
Package pdftexcmds Info: \pdfdraftmode found.
)
("C:\Program Files\MiKTeX 2.9\tex\latex\oberdiek\epstopdf-base.sty"
Package: epstopdf-base 2016/05/15 v2.6 Base part for package epstopdf

("C:\Program Files\MiKTeX 2.9\tex\latex\oberdiek\grfext.sty"
Package: grfext 2016/05/16 v1.2 Manage graphics extensions (HO)

("C:\Program Files\MiKTeX 2.9\tex\generic\oberdiek\kvdefinekeys.sty"
Package: kvdefinekeys 2016/05/16 v1.4 Define keys (HO)
))
("C:\Program Files\MiKTeX 2.9\tex\latex\oberdiek\kvoptions.sty"
Package: kvoptions 2016/05/16 v3.12 Key value format for package options (HO)

("C:\Program Files\MiKTeX 2.9\tex\generic\oberdiek\kvsetkeys.sty"
Package: kvsetkeys 2016/05/16 v1.17 Key value parser (HO)

("C:\Program Files\MiKTeX 2.9\tex\generic\oberdiek\etexcmds.sty"
Package: etexcmds 2016/05/16 v1.6 Avoid name clashes with e-TeX commands (HO)
Package etexcmds Info: Could not find \expanded.
(etexcmds)             That can mean that you are not using pdfTeX 1.50 or
(etexcmds)             that some package has redefined \expanded.
(etexcmds)             In the latter case, load this package earlier.
)))
Package epstopdf-base Info: Redefining graphics rule for `.eps' on input line 4
38.
Package grfext Info: Graphics extension search list:
(grfext)             [.png,.pdf,.jpg,.mps,.jpeg,.jbig2,.jb2,.PNG,.PDF,.JPG,.JPE
G,.JBIG2,.JB2,.eps]
(grfext)             \AppendGraphicsExtensions on input line 456.
)
LaTeX Font Info:    Try loading font information for U+msa on input line 21.

("C:\Program Files\MiKTeX 2.9\tex\latex\amsfonts\umsa.fd"
File: umsa.fd 2013/01/14 v3.01 AMS symbols A
)
LaTeX Font Info:    Try loading font information for U+msb on input line 21.

("C:\Program Files\MiKTeX 2.9\tex\latex\amsfonts\umsb.fd"
File: umsb.fd 2013/01/14 v3.01 AMS symbols B
)
Overfull \hbox (0.97284pt too wide) in paragraph at lines 36--37
[]\OT1/cmr/m/n/10 This pa-per, nec-es-sar-ily, be-gins with an ex-ten-sive ex-a
m-i-na-tion of HP-causality
 []

[1

{C:/Users/Axel/AppData/Local/MiKTeX/2.9/pdftex/config/pdftex.map}] [2]
[3] [4]
Overfull \hbox (5.47699pt too wide) in paragraph at lines 102--103
[]\OT1/cmr/m/n/10 Given a single-agent plan-ning task $ = (\OML/cmm/m/it/10 V;
 A; s[]; s[]\OT1/cmr/m/n/10 )$ and plan $\OML/cmm/m/it/10  < a[]; :::; a[] >$\
OT1/cmr/m/n/10 ,
 []

[5] [6] [7] [8] [9] [10] [11] [12]
LaTeX Font Info:    Try loading font information for OMS+cmr on input line 413.


("C:\Program Files\MiKTeX 2.9\tex\latex\base\omscmr.fd"
File: omscmr.fd 2014/09/29 v2.5h Standard LaTeX font definitions
)
LaTeX Font Info:    Font shape `OMS/cmr/m/n' in size <10> not available
(Font)              Font shape `OMS/cmsy/m/n' tried instead on input line 413.
 [13]
Overfull \hbox (13.47075pt too wide) detected at line 437
\OML/cmm/m/it/10 A[] \OT1/cmr/m/n/10 = \OMS/cmsy/m/n/10 f\OML/cmm/m/it/10 DropM
atch \OT1/cmr/m/n/10 = (\OMS/cmsy/m/n/10 >\OML/cmm/m/it/10 ; matchDropped \OT1/
cmr/m/n/10 = \OMS/cmsy/m/n/10 >\OT1/cmr/m/n/10 )\OML/cmm/m/it/10 ; DontDropMatc
h \OT1/cmr/m/n/10 = (\OMS/cmsy/m/n/10 >\OML/cmm/m/it/10 ; \OMS/cmsy/m/n/10 ?\OT
1/cmr/m/n/10 )\OMS/cmsy/m/n/10 g
 []


Overfull \hbox (66.89879pt too wide) detected at line 453
\OML/cmm/m/it/10 A[] \OT1/cmr/m/n/10 = \OMS/cmsy/m/n/10 f\OML/cmm/m/it/10 Strik
eLightning \OT1/cmr/m/n/10 = (\OMS/cmsy/m/n/10 >\OML/cmm/m/it/10 ; lightningStr
uck \OT1/cmr/m/n/10 = \OMS/cmsy/m/n/10 ?\OT1/cmr/m/n/10 )\OML/cmm/m/it/10 ; Don
tStrikeLightning \OT1/cmr/m/n/10 = (\OMS/cmsy/m/n/10 >\OML/cmm/m/it/10 ; \OMS/c
msy/m/n/10 ?\OT1/cmr/m/n/10 )\OMS/cmsy/m/n/10 g
 []

[14]
Overfull \hbox (39.87144pt too wide) in paragraph at lines 477--478
[]\OT1/cmr/m/n/10 And, in-clud-ing the ex-oge-nous $\OML/cmm/m/it/10 ForestFire
$ \OT1/cmr/m/n/10 event which could be ei-ther $\OML/cmm/m/it/10 ForestFireCon$

 []


Overfull \hbox (1.58272pt too wide) in paragraph at lines 483--484
\OML/cmm/m/it/10 StrikeLightning$ \OT1/cmr/m/n/10 is. The orig-i-nal and up-dat
ed def-i-ni-tions agree that $\OML/cmm/m/it/10 DropMatch$
 []


Overfull \hbox (10.65398pt too wide) in paragraph at lines 483--484
\OT1/cmr/m/n/10 is a cause of $\OML/cmm/m/it/10 $\OT1/cmr/m/n/10 . Set-ting $\
OML/cmm/m/it/10 W \OT1/cmr/m/n/10 := \OML/cmm/m/it/10 q\OT1/cmr/m/n/10 (\OML/cm
m/m/it/10 ; \OT1/cmr/m/n/10 2)$ (light-ning's ac-tion) and $\OML/cmm/m/it/10 w
[] \OT1/cmr/m/n/10 = \OML/cmm/m/it/10 StrikeLightning$
 []


Overfull \hbox (0.84692pt too wide) in paragraph at lines 483--484
\OT1/cmr/m/n/10 and set-ting $\OML/cmm/m/it/10 o[] \OT1/cmr/m/n/10 := \OML/cmm/
m/it/10 DontStrikeLightning$ \OT1/cmr/m/n/10 sat-is-fies $\OML/cmm/m/it/10 BF\O
T1/cmr/m/n/10 2(\OML/cmm/m/it/10 a\OT1/cmr/m/n/10 )$. $\OML/cmm/m/it/10 BF\OT1/
cmr/m/n/10 2(\OML/cmm/m/it/10 b[]\OT1/cmr/m/n/10 )$ and $\OML/cmm/m/it/10 BF\OT
1/cmr/m/n/10 2(\OML/cmm/m/it/10 b[]\OT1/cmr/m/n/10 )$
 []

[15]
Overfull \hbox (11.0246pt too wide) in paragraph at lines 514--515
[]\OT1/cmr/m/n/10 One pos-si-ble rep-re-sen-ta-tion of the multi-agent plan-nin
g task $ =\OML/cmm/m/it/10 < A; \OT1/cmr/m/n/10 \OML/cmm/m/it/10 ; T; E >$
 []

[16] [17] (main.bbl [18]) [19] (main.aux)

LaTeX Warning: There were multiply-defined labels.

 ) 
Here is how much of TeX's memory you used:
 2291 strings out of 493323
 30415 string characters out of 3139069
 91795 words of memory out of 3000000
 5804 multiletter control sequences out of 15000+200000
 12456 words of font info for 48 fonts, out of 3000000 for 9000
 1141 hyphenation exceptions out of 8191
 39i,8n,26p,1538b,215s stack positions out of 5000i,500n,10000p,200000b,50000s
<C:/Program Files/MiKTeX 2.9/fonts/type1/public/amsfonts/cm/cmbx10.pfb><C:/Pr
ogram Files/MiKTeX 2.9/fonts/type1/public/amsfonts/cm/cmbx12.pfb><C:/Program Fi
les/MiKTeX 2.9/fonts/type1/public/amsfonts/cm/cmbx9.pfb><C:/Program Files/MiKTe
X 2.9/fonts/type1/public/amsfonts/cm/cmmi10.pfb><C:/Program Files/MiKTeX 2.9/fo
nts/type1/public/amsfonts/cm/cmmi6.pfb><C:/Program Files/MiKTeX 2.9/fonts/type1
/public/amsfonts/cm/cmmi7.pfb><C:/Program Files/MiKTeX 2.9/fonts/type1/public/a
msfonts/cm/cmmi8.pfb><C:/Program Files/MiKTeX 2.9/fonts/type1/public/amsfonts/c
m/cmr10.pfb><C:/Program Files/MiKTeX 2.9/fonts/type1/public/amsfonts/cm/cmr12.p
fb><C:/Program Files/MiKTeX 2.9/fonts/type1/public/amsfonts/cm/cmr17.pfb><C:/Pr
ogram Files/MiKTeX 2.9/fonts/type1/public/amsfonts/cm/cmr6.pfb><C:/Program File
s/MiKTeX 2.9/fonts/type1/public/amsfonts/cm/cmr7.pfb><C:/Program Files/MiKTeX 2
.9/fonts/type1/public/amsfonts/cm/cmr8.pfb><C:/Program Files/MiKTeX 2.9/fonts/t
ype1/public/amsfonts/cm/cmr9.pfb><C:/Program Files/MiKTeX 2.9/fonts/type1/publi
c/amsfonts/cm/cmsy10.pfb><C:/Program Files/MiKTeX 2.9/fonts/type1/public/amsfon
ts/cm/cmsy7.pfb><C:/Program Files/MiKTeX 2.9/fonts/type1/public/amsfonts/cm/cmt
i10.pfb>
Output written on main.pdf (19 pages, 280193 bytes).
PDF statistics:
 132 PDF objects out of 1000 (max. 8388607)
 0 named destinations out of 1000 (max. 500000)
 1 words of extra memory for PDF output out of 10000 (max. 10000000)

